#
# There is insufficient memory for the Java Runtime Environment to continue.
# Native memory allocation (mmap) failed to map 264241152 bytes for G1 virtual space
# Possible reasons:
#   The system is out of physical RAM or swap space
#   The process is running with CompressedOops enabled, and the Java Heap may be blocking the growth of the native heap
# Possible solutions:
#   Reduce memory load on the system
#   Increase physical memory or swap space
#   Check if swap backing store is full
#   Decrease Java heap size (-Xmx/-Xms)
#   Decrease number of Java threads
#   Decrease Java thread stack sizes (-Xss)
#   Set larger code cache with -XX:ReservedCodeCacheSize=
#   JVM is running with Zero Based Compressed Oops mode in which the Java heap is
#     placed in the first 32GB address space. The Java Heap base address is the
#     maximum limit for the native heap growth. Please use -XX:HeapBaseMinAddress
#     to set the Java Heap base and to place the Java Heap above 32GB virtual address.
# This output file may be truncated or incomplete.
#
#  Out of Memory Error (os_windows.cpp:3548), pid=12268, tid=33048
#
# JRE version:  (17.0.5+8) (build )
# Java VM: OpenJDK 64-Bit Server VM (17.0.5+8, mixed mode, sharing, tiered, compressed oops, compressed class ptrs, g1 gc, windows-amd64)
# No core dump will be written. Minidumps are not enabled by default on client versions of Windows
#

---------------  S U M M A R Y ------------

Command Line: -ea -Dfile.encoding=UTF-8 -XX:+ShowCodeDetailsInExceptionMessages org.testng.remote.RemoteTestNG -serport 53652 -protocol json -d D:\Java_\SeleniumCaseStudyLocators2\test-output C:\Users\SU20290128\AppData\Local\Temp\testng-eclipse--59098874\testng-customsuite.xml

Host: 11th Gen Intel(R) Core(TM) i5-1135G7 @ 2.40GHz, 8 cores, 15G,  Windows 11 , 64 bit Build 22000 (10.0.22000.1761)
Time: Thu May 18 14:19:40 2023 India Standard Time elapsed time: 0.029699 seconds (0d 0h 0m 0s)

---------------  T H R E A D  ---------------

Current thread (0x000002414c507410):  JavaThread "Unknown thread" [_thread_in_vm, id=33048, stack(0x0000005910b00000,0x0000005910c00000)]

Stack: [0x0000005910b00000,0x0000005910c00000]
Native frames: (J=compiled Java code, j=interpreted, Vv=VM code, C=native code)
V  [jvm.dll+0x676b3a]
V  [jvm.dll+0x831444]
V  [jvm.dll+0x832bee]
V  [jvm.dll+0x833253]
V  [jvm.dll+0x244ce5]
V  [jvm.dll+0x673a49]
V  [jvm.dll+0x66811a]
V  [jvm.dll+0x303ceb]
V  [jvm.dll+0x30b1e6]
V  [jvm.dll+0x35adbe]
V  [jvm.dll+0x35afef]
V  [jvm.dll+0x2dab88]
V  [jvm.dll+0x2dbaf4]
V  [jvm.dll+0x803121]
V  [jvm.dll+0x368bb1]
V  [jvm.dll+0x7e265c]
V  [jvm.dll+0x3eb17f]
V  [jvm.dll+0x3eccc1]
C  [jli.dll+0x5267]
C  [ucrtbase.dll+0x26c0c]
C  [KERNEL32.DLL+0x15590]
C  [ntdll.dll+0x485b]


---------------  P R O C E S S  ---------------

Threads class SMR info:
_java_thread_list=0x00007ffd62322f18, length=0, elements={
}

Java Threads: ( => current thread )

Other Threads:
  0x000002414c572430 GCTaskThread "GC Thread#0" [stack: 0x0000005910c00000,0x0000005910d00000] [id=32828]
  0x000002414c583dd0 ConcurrentGCThread "G1 Main Marker" [stack: 0x0000005910d00000,0x0000005910e00000] [id=33232]
  0x000002414c584fe0 ConcurrentGCThread "G1 Conc#0" [stack: 0x0000005910e00000,0x0000005910f00000] [id=18140]

[error occurred during error reporting (printing all threads), id 0xc0000005, EXCEPTION_ACCESS_VIOLATION (0xc0000005) at pc=0x00007ffd61afb617]

VM state: not at safepoint (not fully initialized)

VM Mutex/Monitor currently owned by a thread:  ([mutex/lock_event])
[0x000002414c503b60] Heap_lock - owner thread: 0x000002414c507410

Heap address: 0x0000000704a00000, size: 4022 MB, Compressed Oops mode: Zero based, Oop shift amount: 3

CDS archive(s) mapped at: [0x0000000000000000-0x0000000000000000-0x0000000000000000), size 0, SharedBaseAddress: 0x0000000800000000, ArchiveRelocationMode: 0.
Narrow klass base: 0x0000000000000000, Narrow klass shift: 0, Narrow klass range: 0x0

GC Precious Log:
<Empty>

Heap:
 garbage-first heap   total 0K, used 0K [0x0000000704a00000, 0x0000000800000000)
  region size 2048K, 0 young (0K), 0 survivors (0K)

[error occurred during error reporting (printing heap information), id 0xc0000005, EXCEPTION_ACCESS_VIOLATION (0xc0000005) at pc=0x00007ffd61edfcb9]

GC Heap History (0 events):
No events

Dll operation events (1 events):
Event: 0.011 Loaded shared library C:\Users\SU20290128\Downloads\eclipse-java-2022-12-R-win32-x86_64\eclipse\plugins\org.eclipse.justj.openjdk.hotspot.jre.full.win32.x86_64_17.0.5.v20221102-0933\jre\bin\java.dll

Deoptimization events (0 events):
No events

Classes unloaded (0 events):
No events

Classes redefined (0 events):
No events

Internal exceptions (0 events):
No events

VM Operations (0 events):
No events

Events (0 events):
No events


Dynamic libraries:
0x00007ff7ea300000 - 0x00007ff7ea30e000 	C:\Users\SU20290128\Downloads\eclipse-java-2022-12-R-win32-x86_64\eclipse\plugins\org.eclipse.justj.openjdk.hotspot.jre.full.win32.x86_64_17.0.5.v20221102-0933\jre\bin\javaw.exe
0x00007ffdfaa40000 - 0x00007ffdfac49000 	C:\windows\SYSTEM32\ntdll.dll
0x00007ffdf88b0000 - 0x00007ffdf896e000 	C:\windows\System32\KERNEL32.DLL
0x00007ffdf84f0000 - 0x00007ffdf8873000 	C:\windows\System32\KERNELBASE.dll
0x00007ffdf7ef0000 - 0x00007ffdf8001000 	C:\windows\System32\ucrtbase.dll
0x00007ffdf0480000 - 0x00007ffdf0497000 	C:\Users\SU20290128\Downloads\eclipse-java-2022-12-R-win32-x86_64\eclipse\plugins\org.eclipse.justj.openjdk.hotspot.jre.full.win32.x86_64_17.0.5.v20221102-0933\jre\bin\jli.dll
0x00007ffdf0a00000 - 0x00007ffdf0a19000 	C:\Users\SU20290128\Downloads\eclipse-java-2022-12-R-win32-x86_64\eclipse\plugins\org.eclipse.justj.openjdk.hotspot.jre.full.win32.x86_64_17.0.5.v20221102-0933\jre\bin\VCRUNTIME140.dll
0x00007ffdf9c00000 - 0x00007ffdf9dad000 	C:\windows\System32\USER32.dll
0x00007ffdf8880000 - 0x00007ffdf88a6000 	C:\windows\System32\win32u.dll
0x00007ffdddad0000 - 0x00007ffdddd75000 	C:\windows\WinSxS\amd64_microsoft.windows.common-controls_6595b64144ccf1df_6.0.22000.120_none_9d947278b86cc467\COMCTL32.dll
0x00007ffdf90b0000 - 0x00007ffdf90d9000 	C:\windows\System32\GDI32.dll
0x00007ffdf8080000 - 0x00007ffdf819a000 	C:\windows\System32\gdi32full.dll
0x00007ffdf9190000 - 0x00007ffdf9233000 	C:\windows\System32\msvcrt.dll
0x00007ffdf8260000 - 0x00007ffdf82fd000 	C:\windows\System32\msvcp_win.dll
0x00007ffdf8a10000 - 0x00007ffdf8a41000 	C:\windows\System32\IMM32.DLL
0x000002414a410000 - 0x000002414a424000 	C:\windows\System32\umppc16510.dll
0x00007ffdf0740000 - 0x00007ffdf074c000 	C:\Users\SU20290128\Downloads\eclipse-java-2022-12-R-win32-x86_64\eclipse\plugins\org.eclipse.justj.openjdk.hotspot.jre.full.win32.x86_64_17.0.5.v20221102-0933\jre\bin\vcruntime140_1.dll
0x00007ffdb1000000 - 0x00007ffdb1091000 	C:\Users\SU20290128\Downloads\eclipse-java-2022-12-R-win32-x86_64\eclipse\plugins\org.eclipse.justj.openjdk.hotspot.jre.full.win32.x86_64_17.0.5.v20221102-0933\jre\bin\msvcp140.dll
0x00007ffd61810000 - 0x00007ffd62454000 	C:\Users\SU20290128\Downloads\eclipse-java-2022-12-R-win32-x86_64\eclipse\plugins\org.eclipse.justj.openjdk.hotspot.jre.full.win32.x86_64_17.0.5.v20221102-0933\jre\bin\server\jvm.dll
0x00007ffdf9a30000 - 0x00007ffdf9ade000 	C:\windows\System32\ADVAPI32.dll
0x00007ffdf8970000 - 0x00007ffdf8a0e000 	C:\windows\System32\sechost.dll
0x00007ffdf8ac0000 - 0x00007ffdf8be1000 	C:\windows\System32\RPCRT4.dll
0x00007ffdd6d10000 - 0x00007ffdd6d19000 	C:\windows\SYSTEM32\WSOCK32.dll
0x00007ffdf8a50000 - 0x00007ffdf8abf000 	C:\windows\System32\WS2_32.dll
0x00007ffdf2840000 - 0x00007ffdf2873000 	C:\windows\SYSTEM32\WINMM.dll
0x00007ffdf6c20000 - 0x00007ffdf6c2a000 	C:\windows\SYSTEM32\VERSION.dll
0x00007ffdf6f40000 - 0x00007ffdf6f58000 	C:\windows\SYSTEM32\kernel.appcore.dll
0x00007ffdf0510000 - 0x00007ffdf051a000 	C:\Users\SU20290128\Downloads\eclipse-java-2022-12-R-win32-x86_64\eclipse\plugins\org.eclipse.justj.openjdk.hotspot.jre.full.win32.x86_64_17.0.5.v20221102-0933\jre\bin\jimage.dll
0x00007ffdf5740000 - 0x00007ffdf5961000 	C:\windows\SYSTEM32\DBGHELP.DLL
0x00007ffdf2800000 - 0x00007ffdf2831000 	C:\windows\SYSTEM32\dbgcore.DLL
0x00007ffdf8300000 - 0x00007ffdf837f000 	C:\windows\System32\bcryptPrimitives.dll
0x00007ffdec1e0000 - 0x00007ffdec205000 	C:\Users\SU20290128\Downloads\eclipse-java-2022-12-R-win32-x86_64\eclipse\plugins\org.eclipse.justj.openjdk.hotspot.jre.full.win32.x86_64_17.0.5.v20221102-0933\jre\bin\java.dll

dbghelp: loaded successfully - version: 4.0.5 - missing functions: none
symbol engine: initialized successfully - sym options: 0x614 - pdb path: .;C:\Users\SU20290128\Downloads\eclipse-java-2022-12-R-win32-x86_64\eclipse\plugins\org.eclipse.justj.openjdk.hotspot.jre.full.win32.x86_64_17.0.5.v20221102-0933\jre\bin;C:\windows\SYSTEM32;C:\windows\WinSxS\amd64_microsoft.windows.common-controls_6595b64144ccf1df_6.0.22000.120_none_9d947278b86cc467;C:\Users\SU20290128\Downloads\eclipse-java-2022-12-R-win32-x86_64\eclipse\plugins\org.eclipse.justj.openjdk.hotspot.jre.full.win32.x86_64_17.0.5.v20221102-0933\jre\bin\server

VM Arguments:
jvm_args: -ea -Dfile.encoding=UTF-8 -XX:+ShowCodeDetailsInExceptionMessages 
java_command: org.testng.remote.RemoteTestNG -serport 53652 -protocol json -d D:\Java_\SeleniumCaseStudyLocators2\test-output C:\Users\SU20290128\AppData\Local\Temp\testng-eclipse--59098874\testng-customsuite.xml
java_class_path (initial): C:\Users\SU20290128\Downloads\eclipse-java-2022-12-R-win32-x86_64\eclipse\configuration\org.eclipse.osgi\439\0\.cp\lib\testng-remote.jar;D:\Java_\SeleniumCaseStudyLocators2\bin;D:\SeleniumJars\selenium-server-4.9.0.jar;C:\Users\SU20290128\Downloads\eclipse-java-2022-12-R-win32-x86_64\eclipse\plugins\org.testng_7.4.0.r202105021533.jar;C:\Users\SU20290128\Downloads\eclipse-java-2022-12-R-win32-x86_64\eclipse\plugins\com.beust.jcommander_1.78.0.jar;C:\Users\SU20290128\Downloads\eclipse-java-2022-12-R-win32-x86_64\eclipse\plugins\org.apache-extras.beanshell.bsh_2.0.0.b6.jar;C:\Users\SU20290128\Downloads\eclipse-java-2022-12-R-win32-x86_64\eclipse\plugins\org.yaml.snakeyaml_1.27.0.v20221112-0806.jar
Launcher Type: SUN_STANDARD

[Global flags]
     intx CICompilerCount                          = 4                                         {product} {ergonomic}
     uint ConcGCThreads                            = 2                                         {product} {ergonomic}
     uint G1ConcRefinementThreads                  = 8                                         {product} {ergonomic}
   size_t G1HeapRegionSize                         = 2097152                                   {product} {ergonomic}
    uintx GCDrainStackTargetSize                   = 64                                        {product} {ergonomic}
   size_t InitialHeapSize                          = 264241152                                 {product} {ergonomic}
   size_t MarkStackSize                            = 4194304                                   {product} {ergonomic}
   size_t MaxHeapSize                              = 4217372672                                {product} {ergonomic}
   size_t MinHeapDeltaBytes                        = 2097152                                   {product} {ergonomic}
   size_t MinHeapSize                              = 8388608                                   {product} {ergonomic}
    uintx NonNMethodCodeHeapSize                   = 5839372                                {pd product} {ergonomic}
    uintx NonProfiledCodeHeapSize                  = 122909434                              {pd product} {ergonomic}
    uintx ProfiledCodeHeapSize                     = 122909434                              {pd product} {ergonomic}
    uintx ReservedCodeCacheSize                    = 251658240                              {pd product} {ergonomic}
     bool SegmentedCodeCache                       = true                                      {product} {ergonomic}
     bool ShowCodeDetailsInExceptionMessages       = true                                   {manageable} {command line}
   size_t SoftMaxHeapSize                          = 4217372672                             {manageable} {ergonomic}
     bool UseCompressedClassPointers               = true                           {product lp64_product} {ergonomic}
     bool UseCompressedOops                        = true                           {product lp64_product} {ergonomic}
     bool UseG1GC                                  = true                                      {product} {ergonomic}
     bool UseLargePagesIndividualAllocation        = false                                  {pd product} {ergonomic}

Logging:
Log output configuration:
 #0: stdout all=warning uptime,level,tags
 #1: stderr all=off uptime,level,tags

Environment Variables:
JAVA_HOME=C:\Program Files\ojdkbuild\java-1.8.0-openjdk-1.8.0.232-1\
PATH=C:/Users/SU20290128/Downloads/eclipse-java-2022-12-R-win32-x86_64/eclipse//plugins/org.eclipse.justj.openjdk.hotspot.jre.full.win32.x86_64_17.0.5.v20221102-0933/jre/bin/server;C:/Users/SU20290128/Downloads/eclipse-java-2022-12-R-win32-x86_64/eclipse//plugins/org.eclipse.justj.openjdk.hotspot.jre.full.win32.x86_64_17.0.5.v20221102-0933/jre/bin;C:\windows\system32;C:\windows;C:\windows\System32\Wbem;C:\windows\System32\WindowsPowerShell\v1.0\;C:\windows\System32\OpenSSH\;C:\Program Files\ojdkbuild\java-1.8.0-openjdk-1.8.0.232-1\bin;C:\Program Files\ojdkbuild\java-1.8.0-openjdk-1.8.0.232-1\jre\bin;C:\Program Files\Azure Data Studio\bin;C:\Program Files (x86)\Microsoft SQL Server\160\DTS\Binn\;C:\Users\SU20290128\AppData\Local\Microsoft\WindowsApps;C:\Users\SU20290128\AppData\Local\Programs\Git\cmd;C:\Maven Installation\apache-maven-3.9.1\bin;;C:\Users\SU20290128\Downloads\eclipse-java-2022-12-R-win32-x86_64\eclipse;
USERNAME=SU20290128
OS=Windows_NT
PROCESSOR_IDENTIFIER=Intel64 Family 6 Model 140 Stepping 1, GenuineIntel
TMP=C:\Users\SU20290128\AppData\Local\Temp
TEMP=C:\Users\SU20290128\AppData\Local\Temp



---------------  S Y S T E M  ---------------

OS:
 Windows 11 , 64 bit Build 22000 (10.0.22000.1761)
OS uptime: 10 days 7:32 hours

CPU: total 8 (initial active 8) (4 cores per cpu, 2 threads per core) family 6 model 140 stepping 1 microcode 0x86, cx8, cmov, fxsr, ht, mmx, 3dnowpref, sse, sse2, sse3, ssse3, sse4.1, sse4.2, popcnt, lzcnt, tsc, tscinvbit, avx, avx2, aes, erms, clmul, bmi1, bmi2, adx, avx512f, avx512dq, avx512cd, avx512bw, avx512vl, sha, fma, vzeroupper, avx512_vpopcntdq, avx512_vpclmulqdq, avx512_vaes, avx512_vnni, clflush, clflushopt, clwb, avx512_vbmi2, avx512_vbmi

Memory: 4k page, system-wide physical 16086M (2041M free)
TotalPageFile size 41086M (AvailPageFile size 202M)
current process WorkingSet (physical memory assigned to process): 10M, peak: 10M
current process commit charge ("private bytes"): 60M, peak: 312M

vm_info: OpenJDK 64-Bit Server VM (17.0.5+8) for windows-amd64 JRE (17.0.5+8), built on Oct 19 2022 04:48:13 by "temurin" with MS VC++ 16.7 (VS2019)

END.
